0 info it worked if it ends with ok
1 verbose cli [ '/usr/local/bin/node',
1 verbose cli   '/usr/local/bin/npm',
1 verbose cli   'start',
1 verbose cli   '--',
1 verbose cli   '20000' ]
2 info using npm@3.10.8
3 info using node@v6.9.1
4 verbose run-script [ 'prestart', 'start', 'poststart' ]
5 info lifecycle ts-irc@1.0.0~prestart: ts-irc@1.0.0
6 silly lifecycle ts-irc@1.0.0~prestart: no script for prestart, continuing
7 info lifecycle ts-irc@1.0.0~start: ts-irc@1.0.0
8 verbose lifecycle ts-irc@1.0.0~start: unsafe-perm in lifecycle true
9 verbose lifecycle ts-irc@1.0.0~start: PATH: /usr/local/lib/node_modules/npm/bin/node-gyp-bin:/Users/niklas/Documents/JS/ts-irc/node_modules/.bin:/Users/niklas/anaconda3/bin:/Users/niklas/.cargo/bin:/Users/niklas/.rvm/gems/ruby-2.4.2/bin:/Users/niklas/.rvm/gems/ruby-2.4.2@global/bin:/Users/niklas/.rvm/rubies/ruby-2.4.2/bin:/usr/local/bin:/usr/bin:/bin:/usr/sbin:/sbin:/usr/local/MacGPG2/bin:/Library/Frameworks/Mono.framework/Versions/Current/Commands:/Users/niklas/anaconda3/bin:/Users/niklas/.cargo/bin:/Users/niklas/.rvm/gems/ruby-2.4.2/bin:/Users/niklas/.rvm/gems/ruby-2.4.2@global/bin:/Users/niklas/.rvm/rubies/ruby-2.4.2/bin:/Users/niklas/emsdk-portable:/Users/niklas/emsdk-portable/clang/fastcomp/build_incoming_64/bin:/Users/niklas/emsdk-portable/emscripten/incoming:/Users/niklas/.rvm/bin:/Users/niklas/emsdk-portable:/Users/niklas/emsdk-portable/clang/fastcomp/build_incoming_64/bin:/Users/niklas/emsdk-portable/emscripten/incoming
10 verbose lifecycle ts-irc@1.0.0~start: CWD: /Users/niklas/Documents/JS/ts-irc
11 silly lifecycle ts-irc@1.0.0~start: Args: [ '-c', 'node dist/main.js "20000"' ]
12 silly lifecycle ts-irc@1.0.0~start: Returned: code: 1  signal: null
13 info lifecycle ts-irc@1.0.0~start: Failed to exec start script
14 verbose stack Error: ts-irc@1.0.0 start: `node dist/main.js "20000"`
14 verbose stack Exit status 1
14 verbose stack     at EventEmitter.<anonymous> (/usr/local/lib/node_modules/npm/lib/utils/lifecycle.js:255:16)
14 verbose stack     at emitTwo (events.js:106:13)
14 verbose stack     at EventEmitter.emit (events.js:191:7)
14 verbose stack     at ChildProcess.<anonymous> (/usr/local/lib/node_modules/npm/lib/utils/spawn.js:40:14)
14 verbose stack     at emitTwo (events.js:106:13)
14 verbose stack     at ChildProcess.emit (events.js:191:7)
14 verbose stack     at maybeClose (internal/child_process.js:877:16)
14 verbose stack     at Process.ChildProcess._handle.onexit (internal/child_process.js:226:5)
15 verbose pkgid ts-irc@1.0.0
16 verbose cwd /Users/niklas/Documents/JS/ts-irc
17 error Darwin 16.7.0
18 error argv "/usr/local/bin/node" "/usr/local/bin/npm" "start" "--" "20000"
19 error node v6.9.1
20 error npm  v3.10.8
21 error code ELIFECYCLE
22 error ts-irc@1.0.0 start: `node dist/main.js "20000"`
22 error Exit status 1
23 error Failed at the ts-irc@1.0.0 start script 'node dist/main.js "20000"'.
23 error Make sure you have the latest version of node.js and npm installed.
23 error If you do, this is most likely a problem with the ts-irc package,
23 error not with npm itself.
23 error Tell the author that this fails on your system:
23 error     node dist/main.js "20000"
23 error You can get information on how to open an issue for this project with:
23 error     npm bugs ts-irc
23 error Or if that isn't available, you can get their info via:
23 error     npm owner ls ts-irc
23 error There is likely additional logging output above.
24 verbose exit [ 1, true ]
